   0  $accept : %entry% $end

   1  program : begin_stmt pattern_action_list end_stmt EOF

   2  begin_stmt : BEGIN LBRACE stmt_list RBRACE

   3  end_stmt : END LBRACE stmt_list RBRACE

   4  pattern_action_list :
   5                      | pattern_action pattern_action_list

   6  pattern_action : pattern LBRACE stmt_list RBRACE

   7  stmt_list :
   8            | stmt stmt_list

   9  stmt : expr_no_brace SEMI
  10       | RETURN expr SEMI
  11       | LBRACE stmt_list RBRACE
  12       | IF LPAREN expr RPAREN stmt
  13       | IF LPAREN expr RPAREN stmt ELSE stmt
  14       | WHILE LPAREN expr RPAREN stmt
  15       | FOR LPAREN ID IN ID RPAREN stmt
  16       | FUN func_decl
  17       | SEMI

  18  expr : table_literal
  19       | expr_no_brace

  20  expr_no_brace : ID
  21                | literal
  22                | expr_no_brace TIMES expr_no_brace
  23                | expr_no_brace DIVIDES expr_no_brace
  24                | expr_no_brace MOD expr_no_brace
  25                | expr_no_brace MINUS expr_no_brace
  26                | expr_no_brace PLUS expr_no_brace
  27                | expr_no_brace EQ expr_no_brace
  28                | expr_no_brace LT expr_no_brace
  29                | expr_no_brace GT expr_no_brace
  30                | expr_no_brace LEQ expr_no_brace
  31                | expr_no_brace GEQ expr_no_brace
  32                | expr_no_brace NEQ expr_no_brace
  33                | expr_no_brace AND expr_no_brace
  34                | expr_no_brace OR expr_no_brace
  35                | ID ASSIGN expr
  36                | ID LPAREN expr_list RPAREN
  37                | ID LPAREN RPAREN
  38                | ID bracket_expr_list
  39                | ID bracket_expr_list ASSIGN expr
  40                | LPAREN expr RPAREN
  41                | MINUS expr_no_brace

  42  expr_list : expr
  43            | expr COMMA expr_list

  44  bracket_expr_list : LBRACK expr RBRACK
  45                    | LBRACK expr RBRACK bracket_expr_list

  46  literal : INT
  47          | STRING
  48          | DOUBLE
  49          | THIS

  50  table_literal : array_literal
  51                | keyvalue_literal

  52  array_literal : LBRACE RBRACE
  53                | LBRACE expr_list RBRACE

  54  keyvalue_literal : LBRACE keyvalue_list RBRACE

  55  keyvalue_list : keyvalue
  56                | keyvalue_list COMMA keyvalue

  57  keyvalue : key COLON expr

  58  key : INT
  59      | STRING

  60  func_decl : ID LPAREN params_list RPAREN LBRACE stmt_list RBRACE

  61  params_list :
  62              | ID
  63              | ID COMMA params_list

  64  pattern : LBRACK_AMP css_selector AMP_RBRACK
  65          | LBRACK_FSLASH regex_sequence FSLASH_RBRACK

  66  regex : REGEX_STRING
  67        | PERIOD
  68        | LPAREN regex_sequence RPAREN
  69        | LBRACK regex_set_sequence RBRACK
  70        | regex QUEST
  71        | regex PLUS
  72        | regex TIMES
  73        | regex VERT regex

  74  regex_sequence : regex
  75                 | regex regex_sequence

  76  regex_set : REGEX_STRING
  77            | REGEX_STRING MINUS REGEX_STRING
  78            | CARROT regex_set
  79            | LBRACK regex_set_sequence RBRACK

  80  regex_set_sequence : regex_set
  81                     | regex_set regex_set_sequence

  82  css_selector : simple_selector_seq
  83               | css_selector PLUS simple_selector_seq
  84               | css_selector GT simple_selector_seq
  85               | css_selector TILDE simple_selector_seq
  86               | css_selector typed_simple_selector_seq

  87  simple_selector_seq : typed_simple_selector_seq
  88                      | property_selector_list

  89  typed_simple_selector_seq : type_selector
  90                            | type_selector property_selector_list

  91  type_selector : TIMES
  92                | ID

  93  property_selector_list : property_selector
  94                         | property_selector property_selector_list

  95  css_id : CSSID
  96         | ID

  97  property_selector : PERIOD css_id
  98                    | HASH css_id
  99                    | LBRACK css_id RBRACK
 100                    | LBRACK css_id ASSIGN STRING RBRACK
 101                    | LBRACK css_id TIMES_EQ STRING RBRACK
 102                    | LBRACK css_id XOR_EQ STRING RBRACK
 103                    | LBRACK css_id DOLLAR_EQ STRING RBRACK
 104                    | LBRACK css_id TILDE_EQ STRING RBRACK

 105  %entry% : '\001' program

state 0
	$accept : . %entry% $end  (0)

	'\001'  shift 1
	.  error

	%entry%  goto 2


state 1
	%entry% : '\001' . program  (105)

	BEGIN  shift 3
	.  error

	program  goto 4
	begin_stmt  goto 5


state 2
	$accept : %entry% . $end  (0)

	$end  accept


state 3
	begin_stmt : BEGIN . LBRACE stmt_list RBRACE  (2)

	LBRACE  shift 6
	.  error


state 4
	%entry% : '\001' program .  (105)

	.  reduce 105


state 5
	program : begin_stmt . pattern_action_list end_stmt EOF  (1)
	pattern_action_list : .  (4)

	LBRACK_AMP  shift 7
	LBRACK_FSLASH  shift 8
	END  reduce 4

	pattern_action_list  goto 9
	pattern_action  goto 10
	pattern  goto 11


state 6
	begin_stmt : BEGIN LBRACE . stmt_list RBRACE  (2)
	stmt_list : .  (7)

	LPAREN  shift 12
	LBRACE  shift 13
	MINUS  shift 14
	FUN  shift 15
	SEMI  shift 16
	STRING  shift 17
	INT  shift 18
	DOUBLE  shift 19
	ID  shift 20
	IF  shift 21
	RETURN  shift 22
	THIS  shift 23
	WHILE  shift 24
	FOR  shift 25
	RBRACE  reduce 7

	stmt_list  goto 26
	stmt  goto 27
	expr_no_brace  goto 28
	literal  goto 29


state 7
	pattern : LBRACK_AMP . css_selector AMP_RBRACK  (64)

	LBRACK  shift 30
	TIMES  shift 31
	PERIOD  shift 32
	HASH  shift 33
	ID  shift 34
	.  error

	css_selector  goto 35
	simple_selector_seq  goto 36
	typed_simple_selector_seq  goto 37
	property_selector_list  goto 38
	type_selector  goto 39
	property_selector  goto 40


state 8
	pattern : LBRACK_FSLASH . regex_sequence FSLASH_RBRACK  (65)

	LPAREN  shift 41
	LBRACK  shift 42
	PERIOD  shift 43
	REGEX_STRING  shift 44
	.  error

	regex_sequence  goto 45
	regex  goto 46


state 9
	program : begin_stmt pattern_action_list . end_stmt EOF  (1)

	END  shift 47
	.  error

	end_stmt  goto 48


state 10
	pattern_action_list : pattern_action . pattern_action_list  (5)
	pattern_action_list : .  (4)

	LBRACK_AMP  shift 7
	LBRACK_FSLASH  shift 8
	END  reduce 4

	pattern_action_list  goto 49
	pattern_action  goto 10
	pattern  goto 11


state 11
	pattern_action : pattern . LBRACE stmt_list RBRACE  (6)

	LBRACE  shift 50
	.  error


state 12
	expr_no_brace : LPAREN . expr RPAREN  (40)

	LPAREN  shift 12
	LBRACE  shift 51
	MINUS  shift 14
	STRING  shift 17
	INT  shift 18
	DOUBLE  shift 19
	ID  shift 20
	THIS  shift 23
	.  error

	expr_no_brace  goto 52
	expr  goto 53
	table_literal  goto 54
	literal  goto 29
	array_literal  goto 55
	keyvalue_literal  goto 56


state 13
	stmt : LBRACE . stmt_list RBRACE  (11)
	stmt_list : .  (7)

	LPAREN  shift 12
	LBRACE  shift 13
	MINUS  shift 14
	FUN  shift 15
	SEMI  shift 16
	STRING  shift 17
	INT  shift 18
	DOUBLE  shift 19
	ID  shift 20
	IF  shift 21
	RETURN  shift 22
	THIS  shift 23
	WHILE  shift 24
	FOR  shift 25
	RBRACE  reduce 7

	stmt_list  goto 57
	stmt  goto 27
	expr_no_brace  goto 28
	literal  goto 29


state 14
	expr_no_brace : MINUS . expr_no_brace  (41)

	LPAREN  shift 12
	MINUS  shift 14
	STRING  shift 17
	INT  shift 18
	DOUBLE  shift 19
	ID  shift 20
	THIS  shift 23
	.  error

	expr_no_brace  goto 58
	literal  goto 29


state 15
	stmt : FUN . func_decl  (16)

	ID  shift 59
	.  error

	func_decl  goto 60


state 16
	stmt : SEMI .  (17)

	.  reduce 17


state 17
	literal : STRING .  (47)

	.  reduce 47


state 18
	literal : INT .  (46)

	.  reduce 46


state 19
	literal : DOUBLE .  (48)

	.  reduce 48


state 20
	expr_no_brace : ID .  (20)
	expr_no_brace : ID . ASSIGN expr  (35)
	expr_no_brace : ID . LPAREN expr_list RPAREN  (36)
	expr_no_brace : ID . LPAREN RPAREN  (37)
	expr_no_brace : ID . bracket_expr_list  (38)
	expr_no_brace : ID . bracket_expr_list ASSIGN expr  (39)

	LPAREN  shift 61
	LBRACK  shift 62
	ASSIGN  shift 63
	RPAREN  reduce 20
	RBRACK  reduce 20
	RBRACE  reduce 20
	PLUS  reduce 20
	MINUS  reduce 20
	TIMES  reduce 20
	DIVIDES  reduce 20
	MOD  reduce 20
	LT  reduce 20
	GT  reduce 20
	LEQ  reduce 20
	GEQ  reduce 20
	EQ  reduce 20
	NEQ  reduce 20
	AND  reduce 20
	OR  reduce 20
	COMMA  reduce 20
	SEMI  reduce 20

	bracket_expr_list  goto 64


state 21
	stmt : IF . LPAREN expr RPAREN stmt  (12)
	stmt : IF . LPAREN expr RPAREN stmt ELSE stmt  (13)

	LPAREN  shift 65
	.  error


state 22
	stmt : RETURN . expr SEMI  (10)

	LPAREN  shift 12
	LBRACE  shift 51
	MINUS  shift 14
	STRING  shift 17
	INT  shift 18
	DOUBLE  shift 19
	ID  shift 20
	THIS  shift 23
	.  error

	expr_no_brace  goto 52
	expr  goto 66
	table_literal  goto 54
	literal  goto 29
	array_literal  goto 55
	keyvalue_literal  goto 56


state 23
	literal : THIS .  (49)

	.  reduce 49


state 24
	stmt : WHILE . LPAREN expr RPAREN stmt  (14)

	LPAREN  shift 67
	.  error


state 25
	stmt : FOR . LPAREN ID IN ID RPAREN stmt  (15)

	LPAREN  shift 68
	.  error


state 26
	begin_stmt : BEGIN LBRACE stmt_list . RBRACE  (2)

	RBRACE  shift 69
	.  error


state 27
	stmt_list : stmt . stmt_list  (8)
	stmt_list : .  (7)

	LPAREN  shift 12
	LBRACE  shift 13
	MINUS  shift 14
	FUN  shift 15
	SEMI  shift 16
	STRING  shift 17
	INT  shift 18
	DOUBLE  shift 19
	ID  shift 20
	IF  shift 21
	RETURN  shift 22
	THIS  shift 23
	WHILE  shift 24
	FOR  shift 25
	RBRACE  reduce 7

	stmt_list  goto 70
	stmt  goto 27
	expr_no_brace  goto 28
	literal  goto 29


state 28
	stmt : expr_no_brace . SEMI  (9)
	expr_no_brace : expr_no_brace . TIMES expr_no_brace  (22)
	expr_no_brace : expr_no_brace . DIVIDES expr_no_brace  (23)
	expr_no_brace : expr_no_brace . MOD expr_no_brace  (24)
	expr_no_brace : expr_no_brace . MINUS expr_no_brace  (25)
	expr_no_brace : expr_no_brace . PLUS expr_no_brace  (26)
	expr_no_brace : expr_no_brace . EQ expr_no_brace  (27)
	expr_no_brace : expr_no_brace . LT expr_no_brace  (28)
	expr_no_brace : expr_no_brace . GT expr_no_brace  (29)
	expr_no_brace : expr_no_brace . LEQ expr_no_brace  (30)
	expr_no_brace : expr_no_brace . GEQ expr_no_brace  (31)
	expr_no_brace : expr_no_brace . NEQ expr_no_brace  (32)
	expr_no_brace : expr_no_brace . AND expr_no_brace  (33)
	expr_no_brace : expr_no_brace . OR expr_no_brace  (34)

	PLUS  shift 71
	MINUS  shift 72
	TIMES  shift 73
	DIVIDES  shift 74
	MOD  shift 75
	LT  shift 76
	GT  shift 77
	LEQ  shift 78
	GEQ  shift 79
	EQ  shift 80
	NEQ  shift 81
	AND  shift 82
	OR  shift 83
	SEMI  shift 84
	.  error


state 29
	expr_no_brace : literal .  (21)

	.  reduce 21


state 30
	property_selector : LBRACK . css_id RBRACK  (99)
	property_selector : LBRACK . css_id ASSIGN STRING RBRACK  (100)
	property_selector : LBRACK . css_id TIMES_EQ STRING RBRACK  (101)
	property_selector : LBRACK . css_id XOR_EQ STRING RBRACK  (102)
	property_selector : LBRACK . css_id DOLLAR_EQ STRING RBRACK  (103)
	property_selector : LBRACK . css_id TILDE_EQ STRING RBRACK  (104)

	ID  shift 85
	CSSID  shift 86
	.  error

	css_id  goto 87


state 31
	type_selector : TIMES .  (91)

	.  reduce 91


state 32
	property_selector : PERIOD . css_id  (97)

	ID  shift 85
	CSSID  shift 86
	.  error

	css_id  goto 88


state 33
	property_selector : HASH . css_id  (98)

	ID  shift 85
	CSSID  shift 86
	.  error

	css_id  goto 89


state 34
	type_selector : ID .  (92)

	.  reduce 92


state 35
	pattern : LBRACK_AMP css_selector . AMP_RBRACK  (64)
	css_selector : css_selector . PLUS simple_selector_seq  (83)
	css_selector : css_selector . GT simple_selector_seq  (84)
	css_selector : css_selector . TILDE simple_selector_seq  (85)
	css_selector : css_selector . typed_simple_selector_seq  (86)

	PLUS  shift 90
	TIMES  shift 31
	GT  shift 91
	TILDE  shift 92
	AMP_RBRACK  shift 93
	ID  shift 34
	.  error

	typed_simple_selector_seq  goto 94
	type_selector  goto 39


state 36
	css_selector : simple_selector_seq .  (82)

	.  reduce 82


state 37
	simple_selector_seq : typed_simple_selector_seq .  (87)

	.  reduce 87


state 38
	simple_selector_seq : property_selector_list .  (88)

	.  reduce 88


state 39
	typed_simple_selector_seq : type_selector .  (89)
	typed_simple_selector_seq : type_selector . property_selector_list  (90)

	LBRACK  shift 30
	PERIOD  shift 32
	HASH  shift 33
	PLUS  reduce 89
	TIMES  reduce 89
	GT  reduce 89
	TILDE  reduce 89
	AMP_RBRACK  reduce 89
	ID  reduce 89

	property_selector_list  goto 95
	property_selector  goto 40


state 40
	property_selector_list : property_selector .  (93)
	property_selector_list : property_selector . property_selector_list  (94)

	LBRACK  shift 30
	PERIOD  shift 32
	HASH  shift 33
	PLUS  reduce 93
	TIMES  reduce 93
	GT  reduce 93
	TILDE  reduce 93
	AMP_RBRACK  reduce 93
	ID  reduce 93

	property_selector_list  goto 96
	property_selector  goto 40


state 41
	regex : LPAREN . regex_sequence RPAREN  (68)

	LPAREN  shift 41
	LBRACK  shift 42
	PERIOD  shift 43
	REGEX_STRING  shift 44
	.  error

	regex_sequence  goto 97
	regex  goto 46


state 42
	regex : LBRACK . regex_set_sequence RBRACK  (69)

	LBRACK  shift 98
	CARROT  shift 99
	REGEX_STRING  shift 100
	.  error

	regex_set_sequence  goto 101
	regex_set  goto 102


state 43
	regex : PERIOD .  (67)

	.  reduce 67


state 44
	regex : REGEX_STRING .  (66)

	.  reduce 66


state 45
	pattern : LBRACK_FSLASH regex_sequence . FSLASH_RBRACK  (65)

	FSLASH_RBRACK  shift 103
	.  error


state 46
	regex : regex . QUEST  (70)
	regex : regex . PLUS  (71)
	regex : regex . TIMES  (72)
	regex : regex . VERT regex  (73)
	regex_sequence : regex .  (74)
	regex_sequence : regex . regex_sequence  (75)

	LPAREN  shift 41
	LBRACK  shift 42
	PLUS  shift 104
	TIMES  shift 105
	PERIOD  shift 43
	QUEST  shift 106
	VERT  shift 107
	REGEX_STRING  shift 44
	RPAREN  reduce 74
	FSLASH_RBRACK  reduce 74

	regex_sequence  goto 108
	regex  goto 46


state 47
	end_stmt : END . LBRACE stmt_list RBRACE  (3)

	LBRACE  shift 109
	.  error


state 48
	program : begin_stmt pattern_action_list end_stmt . EOF  (1)

	EOF  shift 110
	.  error


state 49
	pattern_action_list : pattern_action pattern_action_list .  (5)

	.  reduce 5


state 50
	pattern_action : pattern LBRACE . stmt_list RBRACE  (6)
	stmt_list : .  (7)

	LPAREN  shift 12
	LBRACE  shift 13
	MINUS  shift 14
	FUN  shift 15
	SEMI  shift 16
	STRING  shift 17
	INT  shift 18
	DOUBLE  shift 19
	ID  shift 20
	IF  shift 21
	RETURN  shift 22
	THIS  shift 23
	WHILE  shift 24
	FOR  shift 25
	RBRACE  reduce 7

	stmt_list  goto 111
	stmt  goto 27
	expr_no_brace  goto 28
	literal  goto 29


state 51
	array_literal : LBRACE . RBRACE  (52)
	array_literal : LBRACE . expr_list RBRACE  (53)
	keyvalue_literal : LBRACE . keyvalue_list RBRACE  (54)

	LPAREN  shift 12
	LBRACE  shift 51
	RBRACE  shift 112
	MINUS  shift 14
	STRING  shift 113
	INT  shift 114
	DOUBLE  shift 19
	ID  shift 20
	THIS  shift 23
	.  error

	expr_no_brace  goto 52
	expr  goto 115
	table_literal  goto 54
	literal  goto 29
	expr_list  goto 116
	array_literal  goto 55
	keyvalue_literal  goto 56
	keyvalue_list  goto 117
	keyvalue  goto 118
	key  goto 119


state 52
	expr : expr_no_brace .  (19)
	expr_no_brace : expr_no_brace . TIMES expr_no_brace  (22)
	expr_no_brace : expr_no_brace . DIVIDES expr_no_brace  (23)
	expr_no_brace : expr_no_brace . MOD expr_no_brace  (24)
	expr_no_brace : expr_no_brace . MINUS expr_no_brace  (25)
	expr_no_brace : expr_no_brace . PLUS expr_no_brace  (26)
	expr_no_brace : expr_no_brace . EQ expr_no_brace  (27)
	expr_no_brace : expr_no_brace . LT expr_no_brace  (28)
	expr_no_brace : expr_no_brace . GT expr_no_brace  (29)
	expr_no_brace : expr_no_brace . LEQ expr_no_brace  (30)
	expr_no_brace : expr_no_brace . GEQ expr_no_brace  (31)
	expr_no_brace : expr_no_brace . NEQ expr_no_brace  (32)
	expr_no_brace : expr_no_brace . AND expr_no_brace  (33)
	expr_no_brace : expr_no_brace . OR expr_no_brace  (34)

	PLUS  shift 71
	MINUS  shift 72
	TIMES  shift 73
	DIVIDES  shift 74
	MOD  shift 75
	LT  shift 76
	GT  shift 77
	LEQ  shift 78
	GEQ  shift 79
	EQ  shift 80
	NEQ  shift 81
	AND  shift 82
	OR  shift 83
	RPAREN  reduce 19
	RBRACK  reduce 19
	RBRACE  reduce 19
	COMMA  reduce 19
	SEMI  reduce 19


state 53
	expr_no_brace : LPAREN expr . RPAREN  (40)

	RPAREN  shift 120
	.  error


state 54
	expr : table_literal .  (18)

	.  reduce 18


state 55
	table_literal : array_literal .  (50)

	.  reduce 50


state 56
	table_literal : keyvalue_literal .  (51)

	.  reduce 51


state 57
	stmt : LBRACE stmt_list . RBRACE  (11)

	RBRACE  shift 121
	.  error


state 58
	expr_no_brace : expr_no_brace . TIMES expr_no_brace  (22)
	expr_no_brace : expr_no_brace . DIVIDES expr_no_brace  (23)
	expr_no_brace : expr_no_brace . MOD expr_no_brace  (24)
	expr_no_brace : expr_no_brace . MINUS expr_no_brace  (25)
	expr_no_brace : expr_no_brace . PLUS expr_no_brace  (26)
	expr_no_brace : expr_no_brace . EQ expr_no_brace  (27)
	expr_no_brace : expr_no_brace . LT expr_no_brace  (28)
	expr_no_brace : expr_no_brace . GT expr_no_brace  (29)
	expr_no_brace : expr_no_brace . LEQ expr_no_brace  (30)
	expr_no_brace : expr_no_brace . GEQ expr_no_brace  (31)
	expr_no_brace : expr_no_brace . NEQ expr_no_brace  (32)
	expr_no_brace : expr_no_brace . AND expr_no_brace  (33)
	expr_no_brace : expr_no_brace . OR expr_no_brace  (34)
	expr_no_brace : MINUS expr_no_brace .  (41)

	.  reduce 41


state 59
	func_decl : ID . LPAREN params_list RPAREN LBRACE stmt_list RBRACE  (60)

	LPAREN  shift 122
	.  error


state 60
	stmt : FUN func_decl .  (16)

	.  reduce 16


state 61
	expr_no_brace : ID LPAREN . expr_list RPAREN  (36)
	expr_no_brace : ID LPAREN . RPAREN  (37)

	LPAREN  shift 12
	RPAREN  shift 123
	LBRACE  shift 51
	MINUS  shift 14
	STRING  shift 17
	INT  shift 18
	DOUBLE  shift 19
	ID  shift 20
	THIS  shift 23
	.  error

	expr_no_brace  goto 52
	expr  goto 115
	table_literal  goto 54
	literal  goto 29
	expr_list  goto 124
	array_literal  goto 55
	keyvalue_literal  goto 56


state 62
	bracket_expr_list : LBRACK . expr RBRACK  (44)
	bracket_expr_list : LBRACK . expr RBRACK bracket_expr_list  (45)

	LPAREN  shift 12
	LBRACE  shift 51
	MINUS  shift 14
	STRING  shift 17
	INT  shift 18
	DOUBLE  shift 19
	ID  shift 20
	THIS  shift 23
	.  error

	expr_no_brace  goto 52
	expr  goto 125
	table_literal  goto 54
	literal  goto 29
	array_literal  goto 55
	keyvalue_literal  goto 56


state 63
	expr_no_brace : ID ASSIGN . expr  (35)

	LPAREN  shift 12
	LBRACE  shift 51
	MINUS  shift 14
	STRING  shift 17
	INT  shift 18
	DOUBLE  shift 19
	ID  shift 20
	THIS  shift 23
	.  error

	expr_no_brace  goto 52
	expr  goto 126
	table_literal  goto 54
	literal  goto 29
	array_literal  goto 55
	keyvalue_literal  goto 56


state 64
	expr_no_brace : ID bracket_expr_list .  (38)
	expr_no_brace : ID bracket_expr_list . ASSIGN expr  (39)

	ASSIGN  shift 127
	RPAREN  reduce 38
	RBRACK  reduce 38
	RBRACE  reduce 38
	PLUS  reduce 38
	MINUS  reduce 38
	TIMES  reduce 38
	DIVIDES  reduce 38
	MOD  reduce 38
	LT  reduce 38
	GT  reduce 38
	LEQ  reduce 38
	GEQ  reduce 38
	EQ  reduce 38
	NEQ  reduce 38
	AND  reduce 38
	OR  reduce 38
	COMMA  reduce 38
	SEMI  reduce 38


state 65
	stmt : IF LPAREN . expr RPAREN stmt  (12)
	stmt : IF LPAREN . expr RPAREN stmt ELSE stmt  (13)

	LPAREN  shift 12
	LBRACE  shift 51
	MINUS  shift 14
	STRING  shift 17
	INT  shift 18
	DOUBLE  shift 19
	ID  shift 20
	THIS  shift 23
	.  error

	expr_no_brace  goto 52
	expr  goto 128
	table_literal  goto 54
	literal  goto 29
	array_literal  goto 55
	keyvalue_literal  goto 56


state 66
	stmt : RETURN expr . SEMI  (10)

	SEMI  shift 129
	.  error


state 67
	stmt : WHILE LPAREN . expr RPAREN stmt  (14)

	LPAREN  shift 12
	LBRACE  shift 51
	MINUS  shift 14
	STRING  shift 17
	INT  shift 18
	DOUBLE  shift 19
	ID  shift 20
	THIS  shift 23
	.  error

	expr_no_brace  goto 52
	expr  goto 130
	table_literal  goto 54
	literal  goto 29
	array_literal  goto 55
	keyvalue_literal  goto 56


state 68
	stmt : FOR LPAREN . ID IN ID RPAREN stmt  (15)

	ID  shift 131
	.  error


state 69
	begin_stmt : BEGIN LBRACE stmt_list RBRACE .  (2)

	.  reduce 2


state 70
	stmt_list : stmt stmt_list .  (8)

	.  reduce 8


state 71
	expr_no_brace : expr_no_brace PLUS . expr_no_brace  (26)

	LPAREN  shift 12
	MINUS  shift 14
	STRING  shift 17
	INT  shift 18
	DOUBLE  shift 19
	ID  shift 20
	THIS  shift 23
	.  error

	expr_no_brace  goto 132
	literal  goto 29


state 72
	expr_no_brace : expr_no_brace MINUS . expr_no_brace  (25)

	LPAREN  shift 12
	MINUS  shift 14
	STRING  shift 17
	INT  shift 18
	DOUBLE  shift 19
	ID  shift 20
	THIS  shift 23
	.  error

	expr_no_brace  goto 133
	literal  goto 29


state 73
	expr_no_brace : expr_no_brace TIMES . expr_no_brace  (22)

	LPAREN  shift 12
	MINUS  shift 14
	STRING  shift 17
	INT  shift 18
	DOUBLE  shift 19
	ID  shift 20
	THIS  shift 23
	.  error

	expr_no_brace  goto 134
	literal  goto 29


state 74
	expr_no_brace : expr_no_brace DIVIDES . expr_no_brace  (23)

	LPAREN  shift 12
	MINUS  shift 14
	STRING  shift 17
	INT  shift 18
	DOUBLE  shift 19
	ID  shift 20
	THIS  shift 23
	.  error

	expr_no_brace  goto 135
	literal  goto 29


state 75
	expr_no_brace : expr_no_brace MOD . expr_no_brace  (24)

	LPAREN  shift 12
	MINUS  shift 14
	STRING  shift 17
	INT  shift 18
	DOUBLE  shift 19
	ID  shift 20
	THIS  shift 23
	.  error

	expr_no_brace  goto 136
	literal  goto 29


state 76
	expr_no_brace : expr_no_brace LT . expr_no_brace  (28)

	LPAREN  shift 12
	MINUS  shift 14
	STRING  shift 17
	INT  shift 18
	DOUBLE  shift 19
	ID  shift 20
	THIS  shift 23
	.  error

	expr_no_brace  goto 137
	literal  goto 29


state 77
	expr_no_brace : expr_no_brace GT . expr_no_brace  (29)

	LPAREN  shift 12
	MINUS  shift 14
	STRING  shift 17
	INT  shift 18
	DOUBLE  shift 19
	ID  shift 20
	THIS  shift 23
	.  error

	expr_no_brace  goto 138
	literal  goto 29


state 78
	expr_no_brace : expr_no_brace LEQ . expr_no_brace  (30)

	LPAREN  shift 12
	MINUS  shift 14
	STRING  shift 17
	INT  shift 18
	DOUBLE  shift 19
	ID  shift 20
	THIS  shift 23
	.  error

	expr_no_brace  goto 139
	literal  goto 29


state 79
	expr_no_brace : expr_no_brace GEQ . expr_no_brace  (31)

	LPAREN  shift 12
	MINUS  shift 14
	STRING  shift 17
	INT  shift 18
	DOUBLE  shift 19
	ID  shift 20
	THIS  shift 23
	.  error

	expr_no_brace  goto 140
	literal  goto 29


state 80
	expr_no_brace : expr_no_brace EQ . expr_no_brace  (27)

	LPAREN  shift 12
	MINUS  shift 14
	STRING  shift 17
	INT  shift 18
	DOUBLE  shift 19
	ID  shift 20
	THIS  shift 23
	.  error

	expr_no_brace  goto 141
	literal  goto 29


state 81
	expr_no_brace : expr_no_brace NEQ . expr_no_brace  (32)

	LPAREN  shift 12
	MINUS  shift 14
	STRING  shift 17
	INT  shift 18
	DOUBLE  shift 19
	ID  shift 20
	THIS  shift 23
	.  error

	expr_no_brace  goto 142
	literal  goto 29


state 82
	expr_no_brace : expr_no_brace AND . expr_no_brace  (33)

	LPAREN  shift 12
	MINUS  shift 14
	STRING  shift 17
	INT  shift 18
	DOUBLE  shift 19
	ID  shift 20
	THIS  shift 23
	.  error

	expr_no_brace  goto 143
	literal  goto 29


state 83
	expr_no_brace : expr_no_brace OR . expr_no_brace  (34)

	LPAREN  shift 12
	MINUS  shift 14
	STRING  shift 17
	INT  shift 18
	DOUBLE  shift 19
	ID  shift 20
	THIS  shift 23
	.  error

	expr_no_brace  goto 144
	literal  goto 29


state 84
	stmt : expr_no_brace SEMI .  (9)

	.  reduce 9


state 85
	css_id : ID .  (96)

	.  reduce 96


state 86
	css_id : CSSID .  (95)

	.  reduce 95


state 87
	property_selector : LBRACK css_id . RBRACK  (99)
	property_selector : LBRACK css_id . ASSIGN STRING RBRACK  (100)
	property_selector : LBRACK css_id . TIMES_EQ STRING RBRACK  (101)
	property_selector : LBRACK css_id . XOR_EQ STRING RBRACK  (102)
	property_selector : LBRACK css_id . DOLLAR_EQ STRING RBRACK  (103)
	property_selector : LBRACK css_id . TILDE_EQ STRING RBRACK  (104)

	RBRACK  shift 145
	ASSIGN  shift 146
	TIMES_EQ  shift 147
	XOR_EQ  shift 148
	DOLLAR_EQ  shift 149
	TILDE_EQ  shift 150
	.  error


state 88
	property_selector : PERIOD css_id .  (97)

	.  reduce 97


state 89
	property_selector : HASH css_id .  (98)

	.  reduce 98


state 90
	css_selector : css_selector PLUS . simple_selector_seq  (83)

	LBRACK  shift 30
	TIMES  shift 31
	PERIOD  shift 32
	HASH  shift 33
	ID  shift 34
	.  error

	simple_selector_seq  goto 151
	typed_simple_selector_seq  goto 37
	property_selector_list  goto 38
	type_selector  goto 39
	property_selector  goto 40


state 91
	css_selector : css_selector GT . simple_selector_seq  (84)

	LBRACK  shift 30
	TIMES  shift 31
	PERIOD  shift 32
	HASH  shift 33
	ID  shift 34
	.  error

	simple_selector_seq  goto 152
	typed_simple_selector_seq  goto 37
	property_selector_list  goto 38
	type_selector  goto 39
	property_selector  goto 40


state 92
	css_selector : css_selector TILDE . simple_selector_seq  (85)

	LBRACK  shift 30
	TIMES  shift 31
	PERIOD  shift 32
	HASH  shift 33
	ID  shift 34
	.  error

	simple_selector_seq  goto 153
	typed_simple_selector_seq  goto 37
	property_selector_list  goto 38
	type_selector  goto 39
	property_selector  goto 40


state 93
	pattern : LBRACK_AMP css_selector AMP_RBRACK .  (64)

	.  reduce 64


state 94
	css_selector : css_selector typed_simple_selector_seq .  (86)

	.  reduce 86


state 95
	typed_simple_selector_seq : type_selector property_selector_list .  (90)

	.  reduce 90


state 96
	property_selector_list : property_selector property_selector_list .  (94)

	.  reduce 94


state 97
	regex : LPAREN regex_sequence . RPAREN  (68)

	RPAREN  shift 154
	.  error


state 98
	regex_set : LBRACK . regex_set_sequence RBRACK  (79)

	LBRACK  shift 98
	CARROT  shift 99
	REGEX_STRING  shift 100
	.  error

	regex_set_sequence  goto 155
	regex_set  goto 102


state 99
	regex_set : CARROT . regex_set  (78)

	LBRACK  shift 98
	CARROT  shift 99
	REGEX_STRING  shift 100
	.  error

	regex_set  goto 156


state 100
	regex_set : REGEX_STRING .  (76)
	regex_set : REGEX_STRING . MINUS REGEX_STRING  (77)

	MINUS  shift 157
	LBRACK  reduce 76
	RBRACK  reduce 76
	CARROT  reduce 76
	REGEX_STRING  reduce 76


state 101
	regex : LBRACK regex_set_sequence . RBRACK  (69)

	RBRACK  shift 158
	.  error


state 102
	regex_set_sequence : regex_set .  (80)
	regex_set_sequence : regex_set . regex_set_sequence  (81)

	LBRACK  shift 98
	CARROT  shift 99
	REGEX_STRING  shift 100
	RBRACK  reduce 80

	regex_set_sequence  goto 159
	regex_set  goto 102


state 103
	pattern : LBRACK_FSLASH regex_sequence FSLASH_RBRACK .  (65)

	.  reduce 65


state 104
	regex : regex PLUS .  (71)

	.  reduce 71


state 105
	regex : regex TIMES .  (72)

	.  reduce 72


state 106
	regex : regex QUEST .  (70)

	.  reduce 70


state 107
	regex : regex VERT . regex  (73)

	LPAREN  shift 41
	LBRACK  shift 42
	PERIOD  shift 43
	REGEX_STRING  shift 44
	.  error

	regex  goto 160


state 108
	regex_sequence : regex regex_sequence .  (75)

	.  reduce 75


state 109
	end_stmt : END LBRACE . stmt_list RBRACE  (3)
	stmt_list : .  (7)

	LPAREN  shift 12
	LBRACE  shift 13
	MINUS  shift 14
	FUN  shift 15
	SEMI  shift 16
	STRING  shift 17
	INT  shift 18
	DOUBLE  shift 19
	ID  shift 20
	IF  shift 21
	RETURN  shift 22
	THIS  shift 23
	WHILE  shift 24
	FOR  shift 25
	RBRACE  reduce 7

	stmt_list  goto 161
	stmt  goto 27
	expr_no_brace  goto 28
	literal  goto 29


state 110
	program : begin_stmt pattern_action_list end_stmt EOF .  (1)

	.  reduce 1


state 111
	pattern_action : pattern LBRACE stmt_list . RBRACE  (6)

	RBRACE  shift 162
	.  error


state 112
	array_literal : LBRACE RBRACE .  (52)

	.  reduce 52


state 113
	literal : STRING .  (47)
	key : STRING .  (59)

	RBRACE  reduce 47
	PLUS  reduce 47
	MINUS  reduce 47
	TIMES  reduce 47
	DIVIDES  reduce 47
	MOD  reduce 47
	LT  reduce 47
	GT  reduce 47
	LEQ  reduce 47
	GEQ  reduce 47
	EQ  reduce 47
	NEQ  reduce 47
	AND  reduce 47
	OR  reduce 47
	COMMA  reduce 47
	COLON  reduce 59


state 114
	literal : INT .  (46)
	key : INT .  (58)

	RBRACE  reduce 46
	PLUS  reduce 46
	MINUS  reduce 46
	TIMES  reduce 46
	DIVIDES  reduce 46
	MOD  reduce 46
	LT  reduce 46
	GT  reduce 46
	LEQ  reduce 46
	GEQ  reduce 46
	EQ  reduce 46
	NEQ  reduce 46
	AND  reduce 46
	OR  reduce 46
	COMMA  reduce 46
	COLON  reduce 58


state 115
	expr_list : expr .  (42)
	expr_list : expr . COMMA expr_list  (43)

	COMMA  shift 163
	RPAREN  reduce 42
	RBRACE  reduce 42


state 116
	array_literal : LBRACE expr_list . RBRACE  (53)

	RBRACE  shift 164
	.  error


state 117
	keyvalue_literal : LBRACE keyvalue_list . RBRACE  (54)
	keyvalue_list : keyvalue_list . COMMA keyvalue  (56)

	RBRACE  shift 165
	COMMA  shift 166
	.  error


state 118
	keyvalue_list : keyvalue .  (55)

	.  reduce 55


state 119
	keyvalue : key . COLON expr  (57)

	COLON  shift 167
	.  error


state 120
	expr_no_brace : LPAREN expr RPAREN .  (40)

	.  reduce 40


state 121
	stmt : LBRACE stmt_list RBRACE .  (11)

	.  reduce 11


state 122
	func_decl : ID LPAREN . params_list RPAREN LBRACE stmt_list RBRACE  (60)
	params_list : .  (61)

	ID  shift 168
	RPAREN  reduce 61

	params_list  goto 169


state 123
	expr_no_brace : ID LPAREN RPAREN .  (37)

	.  reduce 37


state 124
	expr_no_brace : ID LPAREN expr_list . RPAREN  (36)

	RPAREN  shift 170
	.  error


state 125
	bracket_expr_list : LBRACK expr . RBRACK  (44)
	bracket_expr_list : LBRACK expr . RBRACK bracket_expr_list  (45)

	RBRACK  shift 171
	.  error


state 126
	expr_no_brace : ID ASSIGN expr .  (35)

	.  reduce 35


state 127
	expr_no_brace : ID bracket_expr_list ASSIGN . expr  (39)

	LPAREN  shift 12
	LBRACE  shift 51
	MINUS  shift 14
	STRING  shift 17
	INT  shift 18
	DOUBLE  shift 19
	ID  shift 20
	THIS  shift 23
	.  error

	expr_no_brace  goto 52
	expr  goto 172
	table_literal  goto 54
	literal  goto 29
	array_literal  goto 55
	keyvalue_literal  goto 56


state 128
	stmt : IF LPAREN expr . RPAREN stmt  (12)
	stmt : IF LPAREN expr . RPAREN stmt ELSE stmt  (13)

	RPAREN  shift 173
	.  error


state 129
	stmt : RETURN expr SEMI .  (10)

	.  reduce 10


state 130
	stmt : WHILE LPAREN expr . RPAREN stmt  (14)

	RPAREN  shift 174
	.  error


state 131
	stmt : FOR LPAREN ID . IN ID RPAREN stmt  (15)

	IN  shift 175
	.  error


state 132
	expr_no_brace : expr_no_brace . TIMES expr_no_brace  (22)
	expr_no_brace : expr_no_brace . DIVIDES expr_no_brace  (23)
	expr_no_brace : expr_no_brace . MOD expr_no_brace  (24)
	expr_no_brace : expr_no_brace . MINUS expr_no_brace  (25)
	expr_no_brace : expr_no_brace . PLUS expr_no_brace  (26)
	expr_no_brace : expr_no_brace PLUS expr_no_brace .  (26)
	expr_no_brace : expr_no_brace . EQ expr_no_brace  (27)
	expr_no_brace : expr_no_brace . LT expr_no_brace  (28)
	expr_no_brace : expr_no_brace . GT expr_no_brace  (29)
	expr_no_brace : expr_no_brace . LEQ expr_no_brace  (30)
	expr_no_brace : expr_no_brace . GEQ expr_no_brace  (31)
	expr_no_brace : expr_no_brace . NEQ expr_no_brace  (32)
	expr_no_brace : expr_no_brace . AND expr_no_brace  (33)
	expr_no_brace : expr_no_brace . OR expr_no_brace  (34)

	TIMES  shift 73
	DIVIDES  shift 74
	MOD  shift 75
	RPAREN  reduce 26
	RBRACK  reduce 26
	RBRACE  reduce 26
	PLUS  reduce 26
	MINUS  reduce 26
	LT  reduce 26
	GT  reduce 26
	LEQ  reduce 26
	GEQ  reduce 26
	EQ  reduce 26
	NEQ  reduce 26
	AND  reduce 26
	OR  reduce 26
	COMMA  reduce 26
	SEMI  reduce 26


state 133
	expr_no_brace : expr_no_brace . TIMES expr_no_brace  (22)
	expr_no_brace : expr_no_brace . DIVIDES expr_no_brace  (23)
	expr_no_brace : expr_no_brace . MOD expr_no_brace  (24)
	expr_no_brace : expr_no_brace . MINUS expr_no_brace  (25)
	expr_no_brace : expr_no_brace MINUS expr_no_brace .  (25)
	expr_no_brace : expr_no_brace . PLUS expr_no_brace  (26)
	expr_no_brace : expr_no_brace . EQ expr_no_brace  (27)
	expr_no_brace : expr_no_brace . LT expr_no_brace  (28)
	expr_no_brace : expr_no_brace . GT expr_no_brace  (29)
	expr_no_brace : expr_no_brace . LEQ expr_no_brace  (30)
	expr_no_brace : expr_no_brace . GEQ expr_no_brace  (31)
	expr_no_brace : expr_no_brace . NEQ expr_no_brace  (32)
	expr_no_brace : expr_no_brace . AND expr_no_brace  (33)
	expr_no_brace : expr_no_brace . OR expr_no_brace  (34)

	TIMES  shift 73
	DIVIDES  shift 74
	MOD  shift 75
	RPAREN  reduce 25
	RBRACK  reduce 25
	RBRACE  reduce 25
	PLUS  reduce 25
	MINUS  reduce 25
	LT  reduce 25
	GT  reduce 25
	LEQ  reduce 25
	GEQ  reduce 25
	EQ  reduce 25
	NEQ  reduce 25
	AND  reduce 25
	OR  reduce 25
	COMMA  reduce 25
	SEMI  reduce 25


state 134
	expr_no_brace : expr_no_brace . TIMES expr_no_brace  (22)
	expr_no_brace : expr_no_brace TIMES expr_no_brace .  (22)
	expr_no_brace : expr_no_brace . DIVIDES expr_no_brace  (23)
	expr_no_brace : expr_no_brace . MOD expr_no_brace  (24)
	expr_no_brace : expr_no_brace . MINUS expr_no_brace  (25)
	expr_no_brace : expr_no_brace . PLUS expr_no_brace  (26)
	expr_no_brace : expr_no_brace . EQ expr_no_brace  (27)
	expr_no_brace : expr_no_brace . LT expr_no_brace  (28)
	expr_no_brace : expr_no_brace . GT expr_no_brace  (29)
	expr_no_brace : expr_no_brace . LEQ expr_no_brace  (30)
	expr_no_brace : expr_no_brace . GEQ expr_no_brace  (31)
	expr_no_brace : expr_no_brace . NEQ expr_no_brace  (32)
	expr_no_brace : expr_no_brace . AND expr_no_brace  (33)
	expr_no_brace : expr_no_brace . OR expr_no_brace  (34)

	.  reduce 22


state 135
	expr_no_brace : expr_no_brace . TIMES expr_no_brace  (22)
	expr_no_brace : expr_no_brace . DIVIDES expr_no_brace  (23)
	expr_no_brace : expr_no_brace DIVIDES expr_no_brace .  (23)
	expr_no_brace : expr_no_brace . MOD expr_no_brace  (24)
	expr_no_brace : expr_no_brace . MINUS expr_no_brace  (25)
	expr_no_brace : expr_no_brace . PLUS expr_no_brace  (26)
	expr_no_brace : expr_no_brace . EQ expr_no_brace  (27)
	expr_no_brace : expr_no_brace . LT expr_no_brace  (28)
	expr_no_brace : expr_no_brace . GT expr_no_brace  (29)
	expr_no_brace : expr_no_brace . LEQ expr_no_brace  (30)
	expr_no_brace : expr_no_brace . GEQ expr_no_brace  (31)
	expr_no_brace : expr_no_brace . NEQ expr_no_brace  (32)
	expr_no_brace : expr_no_brace . AND expr_no_brace  (33)
	expr_no_brace : expr_no_brace . OR expr_no_brace  (34)

	.  reduce 23


state 136
	expr_no_brace : expr_no_brace . TIMES expr_no_brace  (22)
	expr_no_brace : expr_no_brace . DIVIDES expr_no_brace  (23)
	expr_no_brace : expr_no_brace . MOD expr_no_brace  (24)
	expr_no_brace : expr_no_brace MOD expr_no_brace .  (24)
	expr_no_brace : expr_no_brace . MINUS expr_no_brace  (25)
	expr_no_brace : expr_no_brace . PLUS expr_no_brace  (26)
	expr_no_brace : expr_no_brace . EQ expr_no_brace  (27)
	expr_no_brace : expr_no_brace . LT expr_no_brace  (28)
	expr_no_brace : expr_no_brace . GT expr_no_brace  (29)
	expr_no_brace : expr_no_brace . LEQ expr_no_brace  (30)
	expr_no_brace : expr_no_brace . GEQ expr_no_brace  (31)
	expr_no_brace : expr_no_brace . NEQ expr_no_brace  (32)
	expr_no_brace : expr_no_brace . AND expr_no_brace  (33)
	expr_no_brace : expr_no_brace . OR expr_no_brace  (34)

	.  reduce 24


state 137
	expr_no_brace : expr_no_brace . TIMES expr_no_brace  (22)
	expr_no_brace : expr_no_brace . DIVIDES expr_no_brace  (23)
	expr_no_brace : expr_no_brace . MOD expr_no_brace  (24)
	expr_no_brace : expr_no_brace . MINUS expr_no_brace  (25)
	expr_no_brace : expr_no_brace . PLUS expr_no_brace  (26)
	expr_no_brace : expr_no_brace . EQ expr_no_brace  (27)
	expr_no_brace : expr_no_brace . LT expr_no_brace  (28)
	expr_no_brace : expr_no_brace LT expr_no_brace .  (28)
	expr_no_brace : expr_no_brace . GT expr_no_brace  (29)
	expr_no_brace : expr_no_brace . LEQ expr_no_brace  (30)
	expr_no_brace : expr_no_brace . GEQ expr_no_brace  (31)
	expr_no_brace : expr_no_brace . NEQ expr_no_brace  (32)
	expr_no_brace : expr_no_brace . AND expr_no_brace  (33)
	expr_no_brace : expr_no_brace . OR expr_no_brace  (34)

	PLUS  shift 71
	MINUS  shift 72
	TIMES  shift 73
	DIVIDES  shift 74
	MOD  shift 75
	RPAREN  reduce 28
	RBRACK  reduce 28
	RBRACE  reduce 28
	LT  reduce 28
	GT  reduce 28
	LEQ  reduce 28
	GEQ  reduce 28
	EQ  reduce 28
	NEQ  reduce 28
	AND  reduce 28
	OR  reduce 28
	COMMA  reduce 28
	SEMI  reduce 28


state 138
	expr_no_brace : expr_no_brace . TIMES expr_no_brace  (22)
	expr_no_brace : expr_no_brace . DIVIDES expr_no_brace  (23)
	expr_no_brace : expr_no_brace . MOD expr_no_brace  (24)
	expr_no_brace : expr_no_brace . MINUS expr_no_brace  (25)
	expr_no_brace : expr_no_brace . PLUS expr_no_brace  (26)
	expr_no_brace : expr_no_brace . EQ expr_no_brace  (27)
	expr_no_brace : expr_no_brace . LT expr_no_brace  (28)
	expr_no_brace : expr_no_brace . GT expr_no_brace  (29)
	expr_no_brace : expr_no_brace GT expr_no_brace .  (29)
	expr_no_brace : expr_no_brace . LEQ expr_no_brace  (30)
	expr_no_brace : expr_no_brace . GEQ expr_no_brace  (31)
	expr_no_brace : expr_no_brace . NEQ expr_no_brace  (32)
	expr_no_brace : expr_no_brace . AND expr_no_brace  (33)
	expr_no_brace : expr_no_brace . OR expr_no_brace  (34)

	PLUS  shift 71
	MINUS  shift 72
	TIMES  shift 73
	DIVIDES  shift 74
	MOD  shift 75
	RPAREN  reduce 29
	RBRACK  reduce 29
	RBRACE  reduce 29
	LT  reduce 29
	GT  reduce 29
	LEQ  reduce 29
	GEQ  reduce 29
	EQ  reduce 29
	NEQ  reduce 29
	AND  reduce 29
	OR  reduce 29
	COMMA  reduce 29
	SEMI  reduce 29


state 139
	expr_no_brace : expr_no_brace . TIMES expr_no_brace  (22)
	expr_no_brace : expr_no_brace . DIVIDES expr_no_brace  (23)
	expr_no_brace : expr_no_brace . MOD expr_no_brace  (24)
	expr_no_brace : expr_no_brace . MINUS expr_no_brace  (25)
	expr_no_brace : expr_no_brace . PLUS expr_no_brace  (26)
	expr_no_brace : expr_no_brace . EQ expr_no_brace  (27)
	expr_no_brace : expr_no_brace . LT expr_no_brace  (28)
	expr_no_brace : expr_no_brace . GT expr_no_brace  (29)
	expr_no_brace : expr_no_brace . LEQ expr_no_brace  (30)
	expr_no_brace : expr_no_brace LEQ expr_no_brace .  (30)
	expr_no_brace : expr_no_brace . GEQ expr_no_brace  (31)
	expr_no_brace : expr_no_brace . NEQ expr_no_brace  (32)
	expr_no_brace : expr_no_brace . AND expr_no_brace  (33)
	expr_no_brace : expr_no_brace . OR expr_no_brace  (34)

	PLUS  shift 71
	MINUS  shift 72
	TIMES  shift 73
	DIVIDES  shift 74
	MOD  shift 75
	RPAREN  reduce 30
	RBRACK  reduce 30
	RBRACE  reduce 30
	LT  reduce 30
	GT  reduce 30
	LEQ  reduce 30
	GEQ  reduce 30
	EQ  reduce 30
	NEQ  reduce 30
	AND  reduce 30
	OR  reduce 30
	COMMA  reduce 30
	SEMI  reduce 30


state 140
	expr_no_brace : expr_no_brace . TIMES expr_no_brace  (22)
	expr_no_brace : expr_no_brace . DIVIDES expr_no_brace  (23)
	expr_no_brace : expr_no_brace . MOD expr_no_brace  (24)
	expr_no_brace : expr_no_brace . MINUS expr_no_brace  (25)
	expr_no_brace : expr_no_brace . PLUS expr_no_brace  (26)
	expr_no_brace : expr_no_brace . EQ expr_no_brace  (27)
	expr_no_brace : expr_no_brace . LT expr_no_brace  (28)
	expr_no_brace : expr_no_brace . GT expr_no_brace  (29)
	expr_no_brace : expr_no_brace . LEQ expr_no_brace  (30)
	expr_no_brace : expr_no_brace . GEQ expr_no_brace  (31)
	expr_no_brace : expr_no_brace GEQ expr_no_brace .  (31)
	expr_no_brace : expr_no_brace . NEQ expr_no_brace  (32)
	expr_no_brace : expr_no_brace . AND expr_no_brace  (33)
	expr_no_brace : expr_no_brace . OR expr_no_brace  (34)

	PLUS  shift 71
	MINUS  shift 72
	TIMES  shift 73
	DIVIDES  shift 74
	MOD  shift 75
	RPAREN  reduce 31
	RBRACK  reduce 31
	RBRACE  reduce 31
	LT  reduce 31
	GT  reduce 31
	LEQ  reduce 31
	GEQ  reduce 31
	EQ  reduce 31
	NEQ  reduce 31
	AND  reduce 31
	OR  reduce 31
	COMMA  reduce 31
	SEMI  reduce 31


state 141
	expr_no_brace : expr_no_brace . TIMES expr_no_brace  (22)
	expr_no_brace : expr_no_brace . DIVIDES expr_no_brace  (23)
	expr_no_brace : expr_no_brace . MOD expr_no_brace  (24)
	expr_no_brace : expr_no_brace . MINUS expr_no_brace  (25)
	expr_no_brace : expr_no_brace . PLUS expr_no_brace  (26)
	expr_no_brace : expr_no_brace . EQ expr_no_brace  (27)
	expr_no_brace : expr_no_brace EQ expr_no_brace .  (27)
	expr_no_brace : expr_no_brace . LT expr_no_brace  (28)
	expr_no_brace : expr_no_brace . GT expr_no_brace  (29)
	expr_no_brace : expr_no_brace . LEQ expr_no_brace  (30)
	expr_no_brace : expr_no_brace . GEQ expr_no_brace  (31)
	expr_no_brace : expr_no_brace . NEQ expr_no_brace  (32)
	expr_no_brace : expr_no_brace . AND expr_no_brace  (33)
	expr_no_brace : expr_no_brace . OR expr_no_brace  (34)

	PLUS  shift 71
	MINUS  shift 72
	TIMES  shift 73
	DIVIDES  shift 74
	MOD  shift 75
	LT  shift 76
	GT  shift 77
	LEQ  shift 78
	GEQ  shift 79
	RPAREN  reduce 27
	RBRACK  reduce 27
	RBRACE  reduce 27
	EQ  reduce 27
	NEQ  reduce 27
	AND  reduce 27
	OR  reduce 27
	COMMA  reduce 27
	SEMI  reduce 27


state 142
	expr_no_brace : expr_no_brace . TIMES expr_no_brace  (22)
	expr_no_brace : expr_no_brace . DIVIDES expr_no_brace  (23)
	expr_no_brace : expr_no_brace . MOD expr_no_brace  (24)
	expr_no_brace : expr_no_brace . MINUS expr_no_brace  (25)
	expr_no_brace : expr_no_brace . PLUS expr_no_brace  (26)
	expr_no_brace : expr_no_brace . EQ expr_no_brace  (27)
	expr_no_brace : expr_no_brace . LT expr_no_brace  (28)
	expr_no_brace : expr_no_brace . GT expr_no_brace  (29)
	expr_no_brace : expr_no_brace . LEQ expr_no_brace  (30)
	expr_no_brace : expr_no_brace . GEQ expr_no_brace  (31)
	expr_no_brace : expr_no_brace . NEQ expr_no_brace  (32)
	expr_no_brace : expr_no_brace NEQ expr_no_brace .  (32)
	expr_no_brace : expr_no_brace . AND expr_no_brace  (33)
	expr_no_brace : expr_no_brace . OR expr_no_brace  (34)

	PLUS  shift 71
	MINUS  shift 72
	TIMES  shift 73
	DIVIDES  shift 74
	MOD  shift 75
	LT  shift 76
	GT  shift 77
	LEQ  shift 78
	GEQ  shift 79
	RPAREN  reduce 32
	RBRACK  reduce 32
	RBRACE  reduce 32
	EQ  reduce 32
	NEQ  reduce 32
	AND  reduce 32
	OR  reduce 32
	COMMA  reduce 32
	SEMI  reduce 32


state 143
	expr_no_brace : expr_no_brace . TIMES expr_no_brace  (22)
	expr_no_brace : expr_no_brace . DIVIDES expr_no_brace  (23)
	expr_no_brace : expr_no_brace . MOD expr_no_brace  (24)
	expr_no_brace : expr_no_brace . MINUS expr_no_brace  (25)
	expr_no_brace : expr_no_brace . PLUS expr_no_brace  (26)
	expr_no_brace : expr_no_brace . EQ expr_no_brace  (27)
	expr_no_brace : expr_no_brace . LT expr_no_brace  (28)
	expr_no_brace : expr_no_brace . GT expr_no_brace  (29)
	expr_no_brace : expr_no_brace . LEQ expr_no_brace  (30)
	expr_no_brace : expr_no_brace . GEQ expr_no_brace  (31)
	expr_no_brace : expr_no_brace . NEQ expr_no_brace  (32)
	expr_no_brace : expr_no_brace . AND expr_no_brace  (33)
	expr_no_brace : expr_no_brace AND expr_no_brace .  (33)
	expr_no_brace : expr_no_brace . OR expr_no_brace  (34)

	PLUS  shift 71
	MINUS  shift 72
	TIMES  shift 73
	DIVIDES  shift 74
	MOD  shift 75
	LT  shift 76
	GT  shift 77
	LEQ  shift 78
	GEQ  shift 79
	EQ  shift 80
	NEQ  shift 81
	OR  shift 83
	RPAREN  reduce 33
	RBRACK  reduce 33
	RBRACE  reduce 33
	AND  reduce 33
	COMMA  reduce 33
	SEMI  reduce 33


state 144
	expr_no_brace : expr_no_brace . TIMES expr_no_brace  (22)
	expr_no_brace : expr_no_brace . DIVIDES expr_no_brace  (23)
	expr_no_brace : expr_no_brace . MOD expr_no_brace  (24)
	expr_no_brace : expr_no_brace . MINUS expr_no_brace  (25)
	expr_no_brace : expr_no_brace . PLUS expr_no_brace  (26)
	expr_no_brace : expr_no_brace . EQ expr_no_brace  (27)
	expr_no_brace : expr_no_brace . LT expr_no_brace  (28)
	expr_no_brace : expr_no_brace . GT expr_no_brace  (29)
	expr_no_brace : expr_no_brace . LEQ expr_no_brace  (30)
	expr_no_brace : expr_no_brace . GEQ expr_no_brace  (31)
	expr_no_brace : expr_no_brace . NEQ expr_no_brace  (32)
	expr_no_brace : expr_no_brace . AND expr_no_brace  (33)
	expr_no_brace : expr_no_brace . OR expr_no_brace  (34)
	expr_no_brace : expr_no_brace OR expr_no_brace .  (34)

	PLUS  shift 71
	MINUS  shift 72
	TIMES  shift 73
	DIVIDES  shift 74
	MOD  shift 75
	LT  shift 76
	GT  shift 77
	LEQ  shift 78
	GEQ  shift 79
	EQ  shift 80
	NEQ  shift 81
	RPAREN  reduce 34
	RBRACK  reduce 34
	RBRACE  reduce 34
	AND  reduce 34
	OR  reduce 34
	COMMA  reduce 34
	SEMI  reduce 34


state 145
	property_selector : LBRACK css_id RBRACK .  (99)

	.  reduce 99


state 146
	property_selector : LBRACK css_id ASSIGN . STRING RBRACK  (100)

	STRING  shift 176
	.  error


state 147
	property_selector : LBRACK css_id TIMES_EQ . STRING RBRACK  (101)

	STRING  shift 177
	.  error


state 148
	property_selector : LBRACK css_id XOR_EQ . STRING RBRACK  (102)

	STRING  shift 178
	.  error


state 149
	property_selector : LBRACK css_id DOLLAR_EQ . STRING RBRACK  (103)

	STRING  shift 179
	.  error


state 150
	property_selector : LBRACK css_id TILDE_EQ . STRING RBRACK  (104)

	STRING  shift 180
	.  error


state 151
	css_selector : css_selector PLUS simple_selector_seq .  (83)

	.  reduce 83


state 152
	css_selector : css_selector GT simple_selector_seq .  (84)

	.  reduce 84


state 153
	css_selector : css_selector TILDE simple_selector_seq .  (85)

	.  reduce 85


state 154
	regex : LPAREN regex_sequence RPAREN .  (68)

	.  reduce 68


state 155
	regex_set : LBRACK regex_set_sequence . RBRACK  (79)

	RBRACK  shift 181
	.  error


state 156
	regex_set : CARROT regex_set .  (78)

	.  reduce 78


state 157
	regex_set : REGEX_STRING MINUS . REGEX_STRING  (77)

	REGEX_STRING  shift 182
	.  error


state 158
	regex : LBRACK regex_set_sequence RBRACK .  (69)

	.  reduce 69


state 159
	regex_set_sequence : regex_set regex_set_sequence .  (81)

	.  reduce 81


state 160
	regex : regex . QUEST  (70)
	regex : regex . PLUS  (71)
	regex : regex . TIMES  (72)
	regex : regex . VERT regex  (73)
	regex : regex VERT regex .  (73)

	.  reduce 73


state 161
	end_stmt : END LBRACE stmt_list . RBRACE  (3)

	RBRACE  shift 183
	.  error


state 162
	pattern_action : pattern LBRACE stmt_list RBRACE .  (6)

	.  reduce 6


state 163
	expr_list : expr COMMA . expr_list  (43)

	LPAREN  shift 12
	LBRACE  shift 51
	MINUS  shift 14
	STRING  shift 17
	INT  shift 18
	DOUBLE  shift 19
	ID  shift 20
	THIS  shift 23
	.  error

	expr_no_brace  goto 52
	expr  goto 115
	table_literal  goto 54
	literal  goto 29
	expr_list  goto 184
	array_literal  goto 55
	keyvalue_literal  goto 56


state 164
	array_literal : LBRACE expr_list RBRACE .  (53)

	.  reduce 53


state 165
	keyvalue_literal : LBRACE keyvalue_list RBRACE .  (54)

	.  reduce 54


state 166
	keyvalue_list : keyvalue_list COMMA . keyvalue  (56)

	STRING  shift 185
	INT  shift 186
	.  error

	keyvalue  goto 187
	key  goto 119


state 167
	keyvalue : key COLON . expr  (57)

	LPAREN  shift 12
	LBRACE  shift 51
	MINUS  shift 14
	STRING  shift 17
	INT  shift 18
	DOUBLE  shift 19
	ID  shift 20
	THIS  shift 23
	.  error

	expr_no_brace  goto 52
	expr  goto 188
	table_literal  goto 54
	literal  goto 29
	array_literal  goto 55
	keyvalue_literal  goto 56


state 168
	params_list : ID .  (62)
	params_list : ID . COMMA params_list  (63)

	COMMA  shift 189
	RPAREN  reduce 62


state 169
	func_decl : ID LPAREN params_list . RPAREN LBRACE stmt_list RBRACE  (60)

	RPAREN  shift 190
	.  error


state 170
	expr_no_brace : ID LPAREN expr_list RPAREN .  (36)

	.  reduce 36


state 171
	bracket_expr_list : LBRACK expr RBRACK .  (44)
	bracket_expr_list : LBRACK expr RBRACK . bracket_expr_list  (45)

	LBRACK  shift 62
	RPAREN  reduce 44
	RBRACK  reduce 44
	RBRACE  reduce 44
	PLUS  reduce 44
	MINUS  reduce 44
	TIMES  reduce 44
	DIVIDES  reduce 44
	MOD  reduce 44
	LT  reduce 44
	GT  reduce 44
	LEQ  reduce 44
	GEQ  reduce 44
	EQ  reduce 44
	NEQ  reduce 44
	AND  reduce 44
	OR  reduce 44
	ASSIGN  reduce 44
	COMMA  reduce 44
	SEMI  reduce 44

	bracket_expr_list  goto 191


state 172
	expr_no_brace : ID bracket_expr_list ASSIGN expr .  (39)

	.  reduce 39


state 173
	stmt : IF LPAREN expr RPAREN . stmt  (12)
	stmt : IF LPAREN expr RPAREN . stmt ELSE stmt  (13)

	LPAREN  shift 12
	LBRACE  shift 13
	MINUS  shift 14
	FUN  shift 15
	SEMI  shift 16
	STRING  shift 17
	INT  shift 18
	DOUBLE  shift 19
	ID  shift 20
	IF  shift 21
	RETURN  shift 22
	THIS  shift 23
	WHILE  shift 24
	FOR  shift 25
	.  error

	stmt  goto 192
	expr_no_brace  goto 28
	literal  goto 29


state 174
	stmt : WHILE LPAREN expr RPAREN . stmt  (14)

	LPAREN  shift 12
	LBRACE  shift 13
	MINUS  shift 14
	FUN  shift 15
	SEMI  shift 16
	STRING  shift 17
	INT  shift 18
	DOUBLE  shift 19
	ID  shift 20
	IF  shift 21
	RETURN  shift 22
	THIS  shift 23
	WHILE  shift 24
	FOR  shift 25
	.  error

	stmt  goto 193
	expr_no_brace  goto 28
	literal  goto 29


state 175
	stmt : FOR LPAREN ID IN . ID RPAREN stmt  (15)

	ID  shift 194
	.  error


state 176
	property_selector : LBRACK css_id ASSIGN STRING . RBRACK  (100)

	RBRACK  shift 195
	.  error


state 177
	property_selector : LBRACK css_id TIMES_EQ STRING . RBRACK  (101)

	RBRACK  shift 196
	.  error


state 178
	property_selector : LBRACK css_id XOR_EQ STRING . RBRACK  (102)

	RBRACK  shift 197
	.  error


state 179
	property_selector : LBRACK css_id DOLLAR_EQ STRING . RBRACK  (103)

	RBRACK  shift 198
	.  error


state 180
	property_selector : LBRACK css_id TILDE_EQ STRING . RBRACK  (104)

	RBRACK  shift 199
	.  error


state 181
	regex_set : LBRACK regex_set_sequence RBRACK .  (79)

	.  reduce 79


state 182
	regex_set : REGEX_STRING MINUS REGEX_STRING .  (77)

	.  reduce 77


state 183
	end_stmt : END LBRACE stmt_list RBRACE .  (3)

	.  reduce 3


state 184
	expr_list : expr COMMA expr_list .  (43)

	.  reduce 43


state 185
	key : STRING .  (59)

	.  reduce 59


state 186
	key : INT .  (58)

	.  reduce 58


state 187
	keyvalue_list : keyvalue_list COMMA keyvalue .  (56)

	.  reduce 56


state 188
	keyvalue : key COLON expr .  (57)

	.  reduce 57


state 189
	params_list : ID COMMA . params_list  (63)
	params_list : .  (61)

	ID  shift 168
	RPAREN  reduce 61

	params_list  goto 200


state 190
	func_decl : ID LPAREN params_list RPAREN . LBRACE stmt_list RBRACE  (60)

	LBRACE  shift 201
	.  error


state 191
	bracket_expr_list : LBRACK expr RBRACK bracket_expr_list .  (45)

	.  reduce 45


state 192
	stmt : IF LPAREN expr RPAREN stmt .  (12)
	stmt : IF LPAREN expr RPAREN stmt . ELSE stmt  (13)

	ELSE  shift 202
	LPAREN  reduce 12
	LBRACE  reduce 12
	RBRACE  reduce 12
	MINUS  reduce 12
	FUN  reduce 12
	SEMI  reduce 12
	STRING  reduce 12
	INT  reduce 12
	DOUBLE  reduce 12
	ID  reduce 12
	IF  reduce 12
	RETURN  reduce 12
	THIS  reduce 12
	WHILE  reduce 12
	FOR  reduce 12


state 193
	stmt : WHILE LPAREN expr RPAREN stmt .  (14)

	.  reduce 14


state 194
	stmt : FOR LPAREN ID IN ID . RPAREN stmt  (15)

	RPAREN  shift 203
	.  error


state 195
	property_selector : LBRACK css_id ASSIGN STRING RBRACK .  (100)

	.  reduce 100


state 196
	property_selector : LBRACK css_id TIMES_EQ STRING RBRACK .  (101)

	.  reduce 101


state 197
	property_selector : LBRACK css_id XOR_EQ STRING RBRACK .  (102)

	.  reduce 102


state 198
	property_selector : LBRACK css_id DOLLAR_EQ STRING RBRACK .  (103)

	.  reduce 103


state 199
	property_selector : LBRACK css_id TILDE_EQ STRING RBRACK .  (104)

	.  reduce 104


state 200
	params_list : ID COMMA params_list .  (63)

	.  reduce 63


state 201
	func_decl : ID LPAREN params_list RPAREN LBRACE . stmt_list RBRACE  (60)
	stmt_list : .  (7)

	LPAREN  shift 12
	LBRACE  shift 13
	MINUS  shift 14
	FUN  shift 15
	SEMI  shift 16
	STRING  shift 17
	INT  shift 18
	DOUBLE  shift 19
	ID  shift 20
	IF  shift 21
	RETURN  shift 22
	THIS  shift 23
	WHILE  shift 24
	FOR  shift 25
	RBRACE  reduce 7

	stmt_list  goto 204
	stmt  goto 27
	expr_no_brace  goto 28
	literal  goto 29


state 202
	stmt : IF LPAREN expr RPAREN stmt ELSE . stmt  (13)

	LPAREN  shift 12
	LBRACE  shift 13
	MINUS  shift 14
	FUN  shift 15
	SEMI  shift 16
	STRING  shift 17
	INT  shift 18
	DOUBLE  shift 19
	ID  shift 20
	IF  shift 21
	RETURN  shift 22
	THIS  shift 23
	WHILE  shift 24
	FOR  shift 25
	.  error

	stmt  goto 205
	expr_no_brace  goto 28
	literal  goto 29


state 203
	stmt : FOR LPAREN ID IN ID RPAREN . stmt  (15)

	LPAREN  shift 12
	LBRACE  shift 13
	MINUS  shift 14
	FUN  shift 15
	SEMI  shift 16
	STRING  shift 17
	INT  shift 18
	DOUBLE  shift 19
	ID  shift 20
	IF  shift 21
	RETURN  shift 22
	THIS  shift 23
	WHILE  shift 24
	FOR  shift 25
	.  error

	stmt  goto 206
	expr_no_brace  goto 28
	literal  goto 29


state 204
	func_decl : ID LPAREN params_list RPAREN LBRACE stmt_list . RBRACE  (60)

	RBRACE  shift 207
	.  error


state 205
	stmt : IF LPAREN expr RPAREN stmt ELSE stmt .  (13)

	.  reduce 13


state 206
	stmt : FOR LPAREN ID IN ID RPAREN stmt .  (15)

	.  reduce 15


state 207
	func_decl : ID LPAREN params_list RPAREN LBRACE stmt_list RBRACE .  (60)

	.  reduce 60


59 terminals, 34 nonterminals
106 grammar rules, 208 states
